server is runnig 3002
Database connected successfully.
DB Synced.
15:39:00 15:44:00
user count 0
user count 0
15:40:00 15:45:00
user count 0
user count 0
user count 0
15:41:00 15:46:00
user count 0
user count 0
user count 0
15:42:00 15:47:00
user count 0
user count 0
user count 0
15:43:00 15:48:00
user count 0
user count 0
user count 0
15:44:00 15:49:00
user count 0
user count 0
user count 0
15:45:00 15:50:00
user count 0
user count 0
15:46:00 15:51:00
user count 0
user count 0
user count 0
15:47:00 15:52:00
user count 0
